<?xml version="1.0" encoding="UTF-8"?>
<testng-results ignored="0" total="1" passed="1" failed="0" skipped="0">
  <reporter-output>
  </reporter-output>
  <suite started-at="2021-11-10T02:50:50 EST" name="Default suite" finished-at="2021-11-10T02:51:12 EST" duration-ms="21459">
    <groups>
    </groups>
    <test started-at="2021-11-10T02:50:50 EST" name="Default test" finished-at="2021-11-10T02:51:12 EST" duration-ms="21459">
      <class name="com.qa.zerobank.testcases.AccountSummaryTestCases">
        <test-method is-config="true" signature="setup()[pri:0, instance:com.qa.zerobank.testcases.AccountSummaryTestCases@18d87d80]" started-at="2021-11-10T02:50:50 EST" name="setup" finished-at="2021-11-10T02:50:53 EST" duration-ms="2134" status="PASS">
          <reporter-output>
          </reporter-output>
        </test-method> <!-- setup -->
        <test-method signature="accountSummaryFunctionality()[pri:0, instance:com.qa.zerobank.testcases.AccountSummaryTestCases@18d87d80]" started-at="2021-11-10T02:50:53 EST" name="accountSummaryFunctionality" finished-at="2021-11-10T02:51:12 EST" duration-ms="19168" status="PASS">
          <reporter-output>
          </reporter-output>
        </test-method> <!-- accountSummaryFunctionality -->
        <test-method is-config="true" signature="cleanup()[pri:0, instance:com.qa.zerobank.testcases.AccountSummaryTestCases@18d87d80]" started-at="2021-11-10T02:51:12 EST" name="cleanup" finished-at="2021-11-10T02:51:12 EST" duration-ms="127" status="PASS">
          <reporter-output>
          </reporter-output>
        </test-method> <!-- cleanup -->
      </class> <!-- com.qa.zerobank.testcases.AccountSummaryTestCases -->
    </test> <!-- Default test -->
  </suite> <!-- Default suite -->
</testng-results>
